<?xml version="1.0" encoding="UTF-8"?>
<testng-results skipped="0" failed="0" ignored="0" total="1" passed="1">
  <reporter-output>
  </reporter-output>
  <suite name="Default suite" duration-ms="14081" started-at="2019-05-07T16:26:39Z" finished-at="2019-05-07T16:26:53Z">
    <groups>
    </groups>
    <test name="Default test" duration-ms="14081" started-at="2019-05-07T16:26:39Z" finished-at="2019-05-07T16:26:53Z">
      <class name="com.qa.amazon.Cart">
        <test-method status="PASS" signature="invokeBrowser()[pri:0, instance:com.qa.amazon.Cart@724af044]" name="invokeBrowser" duration-ms="14050" started-at="2019-05-07T16:26:39Z" finished-at="2019-05-07T16:26:53Z">
          <reporter-output>
          </reporter-output>
        </test-method> <!-- invokeBrowser -->
      </class> <!-- com.qa.amazon.Cart -->
    </test> <!-- Default test -->
  </suite> <!-- Default suite -->
</testng-results>
